0 silly argv {
0 silly argv   _: [ 'run' ],
0 silly argv   lernaVersion: '4.0.0',
0 silly argv   '$0': 'node_modules/.bin/lerna',
0 silly argv   script: 'preinstall'
0 silly argv }
1 notice cli v4.0.0
2 verbose rootPath /home/moritz/workspaces/ioBroker.js-controller
3 error JSONError: Unexpected token "}" (0x7D) in JSON at position 704 while parsing near "...-file\": \"^4.6.0\",\n  },\n  \"keywords\": [\n ..." in packages/common/package.json
3 error
3 error [0m [90m 25 | [39m    [32m"winston"[39m[33m:[39m [32m"^3.3.3"[39m[33m,[39m[0m
3 error [0m [90m 26 | [39m    [32m"winston-daily-rotate-file"[39m[33m:[39m [32m"^4.6.0"[39m[33m,[39m[0m
3 error [0m[31m[1m>[22m[39m[90m 27 | [39m  }[33m,[39m[0m
3 error [0m [90m    | [39m  [31m[1m^[22m[39m[0m
3 error [0m [90m 28 | [39m  [32m"keywords"[39m[33m:[39m [[0m
3 error [0m [90m 29 | [39m    [32m"ioBroker"[39m[0m
3 error [0m [90m 30 | [39m  ][33m,[39m[0m
3 error
3 error     at parseJson (/home/moritz/workspaces/ioBroker.js-controller/node_modules/@lerna/project/node_modules/parse-json/index.js:29:21)
3 error     at parse (/home/moritz/workspaces/ioBroker.js-controller/node_modules/@lerna/project/node_modules/load-json-file/index.js:15:9)
3 error     at module.exports (/home/moritz/workspaces/ioBroker.js-controller/node_modules/@lerna/project/node_modules/load-json-file/index.js:18:47)
