2021-08-25 09:48:47.299  - [32minfo[39m: test.0 (COMPACT) starting. Version 0.1.0 in /home/moritz/workspaces/ioBroker.js-controller/packages/core/test/lib/, node: v12.22.5, js-controller: 1.0.0
2021-08-25 09:48:48.401  - [33mwarn[39m: test.0 (COMPACT) Try to decode id not from this adapter
2021-08-25 09:48:48.416  - [31merror[39m: test.0 (COMPACT) setObject myTestObjectNoType mandatory property type missing!
2021-08-25 09:48:48.431  - [33mwarn[39m: test.0 (COMPACT) Object system.adapter.tesla.0 is invalid: obj.type has to exist
2021-08-25 09:48:48.431  - [33mwarn[39m: test.0 (COMPACT) This object will not be created in future versions. Please report this to the developer.
2021-08-25 09:48:48.432  - [33mwarn[39m: test.0 (COMPACT) Object system.adapter.test.0 is invalid: obj.type has to exist
2021-08-25 09:48:48.433  - [33mwarn[39m: test.0 (COMPACT) This object will not be created in future versions. Please report this to the developer.
2021-08-25 09:48:48.460  - [33mwarn[39m: test.0 (COMPACT) setObject myTestObject (type=state) property common.role missing!
2021-08-25 09:48:48.460  - [33mwarn[39m: test.0 (COMPACT) setObject myTestObject (type=state) property common.type missing!
2021-08-25 09:48:50.474  - [33mwarn[39m: test.0 (COMPACT) Object system.adapter.tesla.0 is invalid: obj.type has to exist
2021-08-25 09:48:50.474  - [33mwarn[39m: test.0 (COMPACT) This object will not be created in future versions. Please report this to the developer.
2021-08-25 09:48:50.479  - [33mwarn[39m: test.0 (COMPACT) Object system.adapter.test.0 is invalid: obj.type has to exist
2021-08-25 09:48:50.479  - [33mwarn[39m: test.0 (COMPACT) This object will not be created in future versions. Please report this to the developer.
2021-08-25 09:48:54.519  - [32minfo[39m: test.0 (COMPACT) State value to set for "test.0.testDefaultValExtend" has to be type "string" but received type "object" 
2021-08-25 09:48:54.529  - [32minfo[39m: test.0 (COMPACT) State value to set for "foreign.0.testDefaultValExtend" has to be type "string" but received type "object" 
2021-08-25 09:48:54.548  - [31merror[39m: test.0 (COMPACT) Cannot write file test.txt: nonExisting.0 is not an object of type "meta"
2021-08-25 09:48:54.895  - [31merror[39m: test.0 (COMPACT) Cannot parse JSON: undefined
2021-08-25 09:48:54.901  - [33mwarn[39m: test.0 (COMPACT) Permission error for user "system.user.write-only2 on "test3.0.testStates": getState
2021-08-25 09:48:54.903  - [31merror[39m: test.0 (COMPACT) Cannot parse JSON: undefined
2021-08-25 09:48:55.135  - [32minfo[39m: test.0 (COMPACT) Terminated (START_IMMEDIATELY_AFTER_STOP): Without reason
